{
"contracts/ConvertLib.sol":{"l":{"7":1},"path":"/Users/iYalovoy/repo/MetaCoin/contracts/ConvertLib.sol","s":{"1":1},"b":{},"f":{"1":1},"fnMap":{"1":{"name":"convert","line":5,"loc":{"start":{"line":5,"column":1},"end":{"line":8,"column":1}}}},"statementMap":{"1":{"start":{"line":7,"column":2},"end":{"line":7,"column":32}}},"branchMap":{}},
"contracts/MetaCoin.sol":{"l":{"17":3,"21":1,"22":1,"23":1,"24":1,"25":1,"29":1,"33":7},"path":"/Users/iYalovoy/repo/MetaCoin/contracts/MetaCoin.sol","s":{"1":3,"2":1,"3":0,"4":1,"5":1,"6":1,"7":1,"8":1,"9":7},"b":{"1":[0,1]},"f":{"1":3,"2":1,"3":1,"4":7},"fnMap":{"1":{"name":"constructor","line":16,"loc":{"start":{"line":16,"column":1},"end":{"line":18,"column":1}}},"2":{"name":"sendCoin","line":20,"loc":{"start":{"line":20,"column":1},"end":{"line":26,"column":1}}},"3":{"name":"getBalanceInEth","line":28,"loc":{"start":{"line":28,"column":1},"end":{"line":30,"column":1}}},"4":{"name":"getBalance","line":32,"loc":{"start":{"line":32,"column":1},"end":{"line":34,"column":1}}}},"statementMap":{"1":{"start":{"line":17,"column":2},"end":{"line":17,"column":28}},"2":{"start":{"line":21,"column":2},"end":{"line":21,"column":49}},"3":{"start":{"line":21,"column":37},"end":{"line":21,"column":49}},"4":{"start":{"line":22,"column":2},"end":{"line":22,"column":31}},"5":{"start":{"line":23,"column":2},"end":{"line":23,"column":29}},"6":{"start":{"line":24,"column":2},"end":{"line":24,"column":45}},"7":{"start":{"line":25,"column":2},"end":{"line":25,"column":13}},"8":{"start":{"line":29,"column":2},"end":{"line":29,"column":47}},"9":{"start":{"line":33,"column":2},"end":{"line":33,"column":23}}},"branchMap":{"1":{"line":21,"type":"if","locations":[{"start":{"line":21,"column":2},"end":{"line":21,"column":2}},{"start":{"line":21,"column":2},"end":{"line":21,"column":2}}]}}}}
